C:\Program Files (x86)\Microsoft Visual Studio\2017\Community\Common7\IDE\VC\VCTargets\Microsoft.CppBuild.targets(376,5): warning MSB8004: Intermediate Directory does not end with a trailing slash.  This build instance will add the slash as it is required to allow proper evaluation of the Intermediate Directory.
C:\Program Files (x86)\Microsoft Visual Studio\2017\Community\Common7\IDE\VC\VCTargets\Microsoft.CppBuild.targets(377,5): warning MSB8004: Output Directory does not end with a trailing slash.  This build instance will add the slash as it is required to allow proper evaluation of the Output Directory.
  BlueRapsolApp.cpp
d:\winterfell engine\winterfell\source\bluerapsolengine\bluerapsolengine\bluerapsolapp.cpp(88): warning C4244: 'argument': conversion from 'int' to 'float', possible loss of data
d:\winterfell engine\winterfell\source\bluerapsolengine\bluerapsolengine\bluerapsolapp.cpp(93): warning C4244: 'argument': conversion from 'int' to 'float', possible loss of data
d:\winterfell engine\winterfell\source\bluerapsolengine\bluerapsolengine\bluerapsolapp.cpp(98): warning C4244: 'argument': conversion from 'int' to 'float', possible loss of data
d:\winterfell engine\winterfell\source\bluerapsolengine\bluerapsolengine\bluerapsolapp.cpp(103): warning C4244: 'argument': conversion from 'int' to 'float', possible loss of data
d:\winterfell engine\winterfell\source\bluerapsolengine\bluerapsolengine\bluerapsolapp.cpp(152): warning C4267: '=': conversion from 'size_t' to 'int', possible loss of data
d:\winterfell engine\winterfell\source\bluerapsolengine\bluerapsolengine\bluerapsolapp.cpp(19): warning C4101: 'ObjIndex': unreferenced local variable
d:\winterfell engine\winterfell\source\bluerapsolengine\bluerapsolengine\bluerapsolapp.cpp(264): warning C4244: 'argument': conversion from 'double' to 'float', possible loss of data
d:\winterfell engine\winterfell\source\bluerapsolengine\bluerapsolengine\bluerapsolapp.cpp(265): warning C4244: 'argument': conversion from 'double' to 'float', possible loss of data
d:\winterfell engine\winterfell\source\bluerapsolengine\bluerapsolengine\bluerapsolapp.cpp(282): warning C4244: 'argument': conversion from 'double' to 'float', possible loss of data
d:\winterfell engine\winterfell\source\bluerapsolengine\bluerapsolengine\bluerapsolapp.cpp(283): warning C4244: 'argument': conversion from 'double' to 'float', possible loss of data
d:\winterfell engine\winterfell\source\bluerapsolengine\bluerapsolengine\bluerapsolapp.cpp(304): warning C4305: '=': truncation from 'double' to 'float'
d:\winterfell engine\winterfell\source\bluerapsolengine\bluerapsolengine\bluerapsolapp.cpp(305): warning C4305: '=': truncation from 'double' to 'float'
d:\winterfell engine\winterfell\source\bluerapsolengine\bluerapsolengine\bluerapsolapp.cpp(320): warning C4305: '=': truncation from 'double' to 'float'
d:\winterfell engine\winterfell\source\bluerapsolengine\bluerapsolengine\bluerapsolapp.cpp(321): warning C4305: '=': truncation from 'double' to 'float'
d:\winterfell engine\winterfell\source\bluerapsolengine\bluerapsolengine\bluerapsolapp.cpp(336): warning C4305: '=': truncation from 'double' to 'float'
d:\winterfell engine\winterfell\source\bluerapsolengine\bluerapsolengine\bluerapsolapp.cpp(337): warning C4305: '=': truncation from 'double' to 'float'
d:\winterfell engine\winterfell\source\bluerapsolengine\bluerapsolengine\bluerapsolapp.cpp(352): warning C4305: '=': truncation from 'double' to 'float'
d:\winterfell engine\winterfell\source\bluerapsolengine\bluerapsolengine\bluerapsolapp.cpp(353): warning C4305: '=': truncation from 'double' to 'float'
d:\winterfell engine\winterfell\source\bluerapsolengine\bluerapsolengine\bluerapsolapp.cpp(426): warning C4305: '=': truncation from 'double' to 'float'
d:\winterfell engine\winterfell\source\bluerapsolengine\bluerapsolengine\bluerapsolapp.cpp(427): warning C4305: '=': truncation from 'double' to 'float'
d:\winterfell engine\winterfell\source\bluerapsolengine\bluerapsolengine\bluerapsolapp.cpp(442): warning C4305: '=': truncation from 'double' to 'float'
d:\winterfell engine\winterfell\source\bluerapsolengine\bluerapsolengine\bluerapsolapp.cpp(443): warning C4305: '=': truncation from 'double' to 'float'
d:\winterfell engine\winterfell\source\bluerapsolengine\bluerapsolengine\bluerapsolapp.cpp(458): warning C4305: '=': truncation from 'double' to 'float'
d:\winterfell engine\winterfell\source\bluerapsolengine\bluerapsolengine\bluerapsolapp.cpp(459): warning C4305: '=': truncation from 'double' to 'float'
d:\winterfell engine\winterfell\source\bluerapsolengine\bluerapsolengine\bluerapsolapp.cpp(474): warning C4305: '=': truncation from 'double' to 'float'
d:\winterfell engine\winterfell\source\bluerapsolengine\bluerapsolengine\bluerapsolapp.cpp(475): warning C4305: '=': truncation from 'double' to 'float'
  Main.cpp
  Generating Code...
  BlueRapsolEngine.vcxproj -> D:\Winterfell Engine\Winterfell\Source\BlueRapsolEngine\\..\..\Blue Rapsol Engine\x64\Debug\BlueRapsolEngine.exe
